<?xml version="1.0" encoding="UTF-8"?>
<!-- Generated by org.testng.reporters.JUnitReportReporter -->
<testsuite hostname="DESKTOP-K65D9U0" failures="0" tests="1" name="luma.us.runner.MyRunner" time="24.696" errors="0" timestamp="20 Dec 2022 17:24:58 GMT" skipped="0">
  <testcase classname="luma.us.runner.MyRunner" name="runScenario" time="24.696"/>
</testsuite> <!-- luma.us.runner.MyRunner -->
