<?xml version="1.0" encoding="UTF-8"?>
<!-- Generated by org.testng.reporters.JUnitReportReporter -->
<testsuite hostname="DESKTOP-K65D9U0" failures="0" tests="1" name="luma.us.runner.MyRunner" time="19.579" errors="0" timestamp="21 Dec 2022 23:53:52 GMT" skipped="0">
  <testcase classname="luma.us.runner.MyRunner" name="runScenario" time="19.579"/>
</testsuite> <!-- luma.us.runner.MyRunner -->
